--------------------------------------------------------------------------
Loading of prices started at 2025-05-20 21:31:21 

Loading prices for CSPX.L starting from date: 2025-05-17
Loaded 2 prices for ticker CSPX.L
Loading prices for CNDX.L starting from date: 2025-05-17
Loaded 2 prices for ticker CNDX.L
Loading prices for NVDA starting from date: 2025-05-17
Loaded 2 prices for ticker NVDA
Loading prices for VBTC.DE starting from date: 2025-05-17
Loaded 2 prices for ticker VBTC.DE
Loading prices for IDR=X starting from date: 2025-05-17
Loaded 2 prices for ticker IDR=X
Loading prices for EURUSD=X starting from date: 2025-05-17
Loaded 2 prices for ticker EURUSD=X
Loading prices for EURIDR=X starting from date: 2025-05-17
Loaded 2 prices for ticker EURIDR=X
Loading prices for MSFT starting from date: 2025-05-17
Loaded 2 prices for ticker MSFT
Loaded overall 16 records
Execution time: 6 seconds

Finished at 2025-05-20 21:31:27
$CSPX.L: possibly delisted; no price data found  (period=1d)
$CNDX.L: possibly delisted; no price data found  (period=1d)
$VBTC.DE: possibly delisted; no price data found  (period=1d)
--------------------------------------------------------------------------
Loading of prices started at 2025-05-21 09:00:02 

Warning: No price data found for CSPX.L. It might be delisted or market is closed.
Loading prices for CSPX.L starting from date: 2025-05-18
Skipping CSPX.L due to missing price data.
Warning: No price data found for CNDX.L. It might be delisted or market is closed.
Loading prices for CNDX.L starting from date: 2025-05-18
Skipping CNDX.L due to missing price data.
Loading prices for NVDA starting from date: 2025-05-18
Loaded 2 prices for ticker NVDA
Warning: No price data found for VBTC.DE. It might be delisted or market is closed.
Loading prices for VBTC.DE starting from date: 2025-05-18
Skipping VBTC.DE due to missing price data.
Loading prices for IDR=X starting from date: 2025-05-18
Loaded 3 prices for ticker IDR=X
Loading prices for EURUSD=X starting from date: 2025-05-18
Loaded 3 prices for ticker EURUSD=X
Loading prices for EURIDR=X starting from date: 2025-05-18
Loaded 3 prices for ticker EURIDR=X
Loading prices for MSFT starting from date: 2025-05-18
Loaded 2 prices for ticker MSFT
Loaded overall 13 records
Execution time: 6 seconds

Finished at 2025-05-21 09:00:09
--------------------------------------------------------------------------
Loading of prices started at 2025-05-21 09:30:02 

Loading prices for CSPX.L starting from date: 2025-05-18
Loaded 3 prices for ticker CSPX.L
Loading prices for CNDX.L starting from date: 2025-05-18
Loaded 3 prices for ticker CNDX.L
Loading prices for NVDA starting from date: 2025-05-18
Loaded 2 prices for ticker NVDA
Loading prices for VBTC.DE starting from date: 2025-05-18
Loaded 3 prices for ticker VBTC.DE
Loading prices for IDR=X starting from date: 2025-05-18
Loaded 3 prices for ticker IDR=X
Loading prices for EURUSD=X starting from date: 2025-05-18
Loaded 3 prices for ticker EURUSD=X
Loading prices for EURIDR=X starting from date: 2025-05-18
Loaded 3 prices for ticker EURIDR=X
Loading prices for MSFT starting from date: 2025-05-18
Loaded 2 prices for ticker MSFT
Loaded overall 22 records
Execution time: 7 seconds

Finished at 2025-05-21 09:30:09
--------------------------------------------------------------------------
Loading of prices started at 2025-05-21 10:00:02 

Loading prices for CSPX.L starting from date: 2025-05-18
Loaded 3 prices for ticker CSPX.L
Loading prices for CNDX.L starting from date: 2025-05-18
Loaded 3 prices for ticker CNDX.L
Loading prices for NVDA starting from date: 2025-05-18
Loaded 2 prices for ticker NVDA
Loading prices for VBTC.DE starting from date: 2025-05-18
Loaded 3 prices for ticker VBTC.DE
Loading prices for IDR=X starting from date: 2025-05-18
Loaded 3 prices for ticker IDR=X
Loading prices for EURUSD=X starting from date: 2025-05-18
Loaded 3 prices for ticker EURUSD=X
Loading prices for EURIDR=X starting from date: 2025-05-18
Loaded 3 prices for ticker EURIDR=X
Loading prices for MSFT starting from date: 2025-05-18
Loaded 2 prices for ticker MSFT
Loaded overall 22 records
Execution time: 7 seconds

Finished at 2025-05-21 10:00:08
--------------------------------------------------------------------------
Loading of prices started at 2025-05-21 10:30:02 

Loading prices for CSPX.L starting from date: 2025-05-18
Loaded 3 prices for ticker CSPX.L
Loading prices for CNDX.L starting from date: 2025-05-18
Loaded 3 prices for ticker CNDX.L
Loading prices for NVDA starting from date: 2025-05-18
Loaded 2 prices for ticker NVDA
Loading prices for VBTC.DE starting from date: 2025-05-18
Loaded 3 prices for ticker VBTC.DE
Loading prices for IDR=X starting from date: 2025-05-18
Loaded 3 prices for ticker IDR=X
Loading prices for EURUSD=X starting from date: 2025-05-18
Loaded 3 prices for ticker EURUSD=X
Loading prices for EURIDR=X starting from date: 2025-05-18
Loaded 3 prices for ticker EURIDR=X
Loading prices for MSFT starting from date: 2025-05-18
Loaded 2 prices for ticker MSFT
Loaded overall 22 records
Execution time: 7 seconds

Finished at 2025-05-21 10:30:10
--------------------------------------------------------------------------
Loading of prices started at 2025-05-21 11:00:03 

Loading prices for CSPX.L starting from date: 2025-05-18
Loaded 3 prices for ticker CSPX.L
Loading prices for CNDX.L starting from date: 2025-05-18
Loaded 3 prices for ticker CNDX.L
Loading prices for NVDA starting from date: 2025-05-18
Loaded 2 prices for ticker NVDA
Loading prices for VBTC.DE starting from date: 2025-05-18
Loaded 3 prices for ticker VBTC.DE
Loading prices for IDR=X starting from date: 2025-05-18
Loaded 3 prices for ticker IDR=X
Loading prices for EURUSD=X starting from date: 2025-05-18
Loaded 3 prices for ticker EURUSD=X
Loading prices for EURIDR=X starting from date: 2025-05-18
Loaded 3 prices for ticker EURIDR=X
Loading prices for MSFT starting from date: 2025-05-18
Loaded 2 prices for ticker MSFT
Loaded overall 22 records
Execution time: 18 seconds

Finished at 2025-05-21 11:00:21
--------------------------------------------------------------------------
Loading of prices started at 2025-05-21 11:30:03 

Loading prices for CSPX.L starting from date: 2025-05-18
Loaded 3 prices for ticker CSPX.L
Loading prices for CNDX.L starting from date: 2025-05-18
Loaded 3 prices for ticker CNDX.L
Loading prices for NVDA starting from date: 2025-05-18
Loaded 2 prices for ticker NVDA
Loading prices for VBTC.DE starting from date: 2025-05-18
Loaded 3 prices for ticker VBTC.DE
Loading prices for IDR=X starting from date: 2025-05-18
Loaded 3 prices for ticker IDR=X
Loading prices for EURUSD=X starting from date: 2025-05-18
Loaded 3 prices for ticker EURUSD=X
Loading prices for EURIDR=X starting from date: 2025-05-18
Loaded 3 prices for ticker EURIDR=X
Loading prices for MSFT starting from date: 2025-05-18
Loaded 2 prices for ticker MSFT
Loaded overall 22 records
Execution time: 54 seconds

Finished at 2025-05-21 11:30:57
--------------------------------------------------------------------------
Loading of prices started at 2025-05-21 12:00:02 

Loading prices for CSPX.L starting from date: 2025-05-18
Loaded 3 prices for ticker CSPX.L
Loading prices for CNDX.L starting from date: 2025-05-18
Loaded 3 prices for ticker CNDX.L
Loading prices for NVDA starting from date: 2025-05-18
Loaded 2 prices for ticker NVDA
Loading prices for VBTC.DE starting from date: 2025-05-18
Loaded 3 prices for ticker VBTC.DE
Loading prices for IDR=X starting from date: 2025-05-18
Loaded 3 prices for ticker IDR=X
Loading prices for EURUSD=X starting from date: 2025-05-18
Loaded 3 prices for ticker EURUSD=X
Loading prices for EURIDR=X starting from date: 2025-05-18
Loaded 3 prices for ticker EURIDR=X
Loading prices for MSFT starting from date: 2025-05-18
Loaded 2 prices for ticker MSFT
Loaded overall 22 records
Execution time: 10 seconds

Finished at 2025-05-21 12:00:12
zsh: no such file or directory: lio_app/utils/load_prices.py
--------------------------------------------------------------------------
Loading of prices started at 2025-05-21 14:23:49 

Loading prices for CSPX.L starting from date: 2025-05-18
Execution time: 123 seconds
Traceback (most recent call last):
  File "/Users/jurajpanek/Documents/code/portfolio_app/utils/load_prices.py", line 18, in <module>
    refresh_prices(history)
    ~~~~~~~~~~~~~~^^^^^^^^^
  File "/Users/jurajpanek/Documents/code/portfolio_app/utils/pricing.py", line 154, in refresh_prices
    cur.execute("""
    ~~~~~~~~~~~^^^^
        INSERT INTO prices (symbol, date, price, price_type, updated_date)
        ^^^^^^^^^^^^^^^^^^^^^^^^^^^^^^^^^^^^^^^^^^^^^^^^^^^^^^^^^^^^^^^^^^
    ...<4 lines>...
            updated_date = CURRENT_TIMESTAMP;
            ^^^^^^^^^^^^^^^^^^^^^^^^^^^^^^^^^
    """, (handle.ticker, date.strftime("%Y-%m-%d"), float(price)))
    ^^^^^^^^^^^^^^^^^^^^^^^^^^^^^^^^^^^^^^^^^^^^^^^^^^^^^^^^^^^^^^
  File "/opt/homebrew/Cellar/python@3.13/3.13.3/Frameworks/Python.framework/Versions/3.13/lib/python3.13/encodings/utf_8.py", line 15, in decode
    def decode(input, errors='strict'):
    
KeyboardInterrupt
--------------------------------------------------------------------------
Loading of prices started at 2025-05-21 14:30:02 

Loading prices for CSPX.L starting from date: 2025-05-18
Unexpected error for CSPX.L: canceling statement due to statement timeout
CONTEXT:  while inserting index tuple (44,47) in relation "prices"

Loading prices for CNDX.L starting from date: 2025-05-18
Unexpected error for CNDX.L: current transaction is aborted, commands ignored until end of transaction block

Loading prices for NVDA starting from date: 2025-05-18
Unexpected error for NVDA: current transaction is aborted, commands ignored until end of transaction block

Loading prices for VBTC.DE starting from date: 2025-05-18
Unexpected error for VBTC.DE: current transaction is aborted, commands ignored until end of transaction block

Loading prices for IDR=X starting from date: 2025-05-18
Unexpected error for IDR=X: current transaction is aborted, commands ignored until end of transaction block

Loading prices for EURUSD=X starting from date: 2025-05-18
Unexpected error for EURUSD=X: current transaction is aborted, commands ignored until end of transaction block

Loading prices for EURIDR=X starting from date: 2025-05-18
Unexpected error for EURIDR=X: current transaction is aborted, commands ignored until end of transaction block

Loading prices for MSFT starting from date: 2025-05-18
Unexpected error for MSFT: current transaction is aborted, commands ignored until end of transaction block

Loaded overall 0 records
Execution time: 128 seconds

Finished at 2025-05-21 14:32:10
/Users/jurajpanek/Documents/code/portfolio_app
--------------------------------------------------------------------------
Loading of prices started at 2025-05-21 14:46:54 

Loading prices for CSPX.L starting from date: 2025-05-18
Loaded 3 prices for ticker CSPX.L
Loading prices for CNDX.L starting from date: 2025-05-18
Loaded 3 prices for ticker CNDX.L
Loading prices for NVDA starting from date: 2025-05-18
Loaded 2 prices for ticker NVDA
Loading prices for VBTC.DE starting from date: 2025-05-18
Loaded 3 prices for ticker VBTC.DE
Loading prices for IDR=X starting from date: 2025-05-18
Loaded 3 prices for ticker IDR=X
Loading prices for EURUSD=X starting from date: 2025-05-18
Loaded 3 prices for ticker EURUSD=X
Loading prices for EURIDR=X starting from date: 2025-05-18
Loaded 3 prices for ticker EURIDR=X
Loading prices for MSFT starting from date: 2025-05-18
Loaded 2 prices for ticker MSFT
Loaded overall 22 records
Execution time: 7 seconds

Finished at 2025-05-21 14:47:01
/Users/jurajpanek/Documents/code/portfolio_app
--------------------------------------------------------------------------
Loading of prices started at 2025-05-21 15:00:02 

Loading prices for CSPX.L starting from date: 2025-05-18
Loaded 3 prices for ticker CSPX.L
Loading prices for CNDX.L starting from date: 2025-05-18
Loaded 3 prices for ticker CNDX.L
Loading prices for NVDA starting from date: 2025-05-18
Loaded 2 prices for ticker NVDA
Loading prices for VBTC.DE starting from date: 2025-05-18
Loaded 3 prices for ticker VBTC.DE
Loading prices for IDR=X starting from date: 2025-05-18
Loaded 3 prices for ticker IDR=X
Loading prices for EURUSD=X starting from date: 2025-05-18
Loaded 3 prices for ticker EURUSD=X
Loading prices for EURIDR=X starting from date: 2025-05-18
Loaded 3 prices for ticker EURIDR=X
Loading prices for MSFT starting from date: 2025-05-18
Loaded 2 prices for ticker MSFT
Loaded overall 22 records
Execution time: 7 seconds

Finished at 2025-05-21 15:00:10
$NVDA: possibly delisted; no price data found  (period=1d)
$MSFT: possibly delisted; no price data found  (period=1d)
/Users/jurajpanek/Documents/code/portfolio_app
--------------------------------------------------------------------------
Loading of prices started at 2025-05-21 15:30:02 

Loading prices for CSPX.L starting from date: 2025-05-18
Loaded 3 prices for ticker CSPX.L
Loading prices for CNDX.L starting from date: 2025-05-18
Loaded 3 prices for ticker CNDX.L
Warning: No price data found for NVDA. It might be delisted or market is closed.
Loading prices for NVDA starting from date: 2025-05-18
Skipping NVDA due to missing price data.
Loading prices for VBTC.DE starting from date: 2025-05-18
Loaded 3 prices for ticker VBTC.DE
Loading prices for IDR=X starting from date: 2025-05-18
Loaded 3 prices for ticker IDR=X
Loading prices for EURUSD=X starting from date: 2025-05-18
Loaded 3 prices for ticker EURUSD=X
Loading prices for EURIDR=X starting from date: 2025-05-18
Loaded 3 prices for ticker EURIDR=X
Warning: No price data found for MSFT. It might be delisted or market is closed.
Loading prices for MSFT starting from date: 2025-05-18
Skipping MSFT due to missing price data.
Loaded overall 18 records
Execution time: 8 seconds

Finished at 2025-05-21 15:30:10
/Users/jurajpanek/Documents/code/portfolio_app
--------------------------------------------------------------------------
Loading of prices started at 2025-05-21 16:00:02 

Loading prices for CSPX.L starting from date: 2025-05-18
Loaded 3 prices for ticker CSPX.L
Loading prices for CNDX.L starting from date: 2025-05-18
Loaded 3 prices for ticker CNDX.L
Loading prices for NVDA starting from date: 2025-05-18
Loaded 3 prices for ticker NVDA
Loading prices for VBTC.DE starting from date: 2025-05-18
Loaded 3 prices for ticker VBTC.DE
Loading prices for IDR=X starting from date: 2025-05-18
Loaded 3 prices for ticker IDR=X
Loading prices for EURUSD=X starting from date: 2025-05-18
Loaded 3 prices for ticker EURUSD=X
Loading prices for EURIDR=X starting from date: 2025-05-18
Loaded 3 prices for ticker EURIDR=X
Loading prices for MSFT starting from date: 2025-05-18
Loaded 3 prices for ticker MSFT
Loaded overall 24 records
Execution time: 8 seconds

Finished at 2025-05-21 16:00:10
/Users/jurajpanek/Documents/code/portfolio_app
--------------------------------------------------------------------------
Loading of prices started at 2025-05-21 16:30:02 

Loading prices for CSPX.L starting from date: 2025-05-18
Loaded 3 prices for ticker CSPX.L
Loading prices for CNDX.L starting from date: 2025-05-18
Loaded 3 prices for ticker CNDX.L
Loading prices for NVDA starting from date: 2025-05-18
Loaded 2 prices for ticker NVDA
Loading prices for VBTC.DE starting from date: 2025-05-18
Loaded 3 prices for ticker VBTC.DE
Loading prices for IDR=X starting from date: 2025-05-18
Loaded 3 prices for ticker IDR=X
Loading prices for EURUSD=X starting from date: 2025-05-18
Loaded 3 prices for ticker EURUSD=X
Loading prices for EURIDR=X starting from date: 2025-05-18
Loaded 3 prices for ticker EURIDR=X
Loading prices for MSFT starting from date: 2025-05-18
Loaded 3 prices for ticker MSFT
Loaded overall 23 records
Execution time: 8 seconds

Finished at 2025-05-21 16:30:10
/Users/jurajpanek/Documents/code/portfolio_app
--------------------------------------------------------------------------
Loading of prices started at 2025-05-21 17:00:02 

Loading prices for CSPX.L starting from date: 2025-05-18
Loaded 3 prices for ticker CSPX.L
Loading prices for CNDX.L starting from date: 2025-05-18
Loaded 3 prices for ticker CNDX.L
Loading prices for NVDA starting from date: 2025-05-18
Loaded 2 prices for ticker NVDA
Loading prices for VBTC.DE starting from date: 2025-05-18
Loaded 3 prices for ticker VBTC.DE
Loading prices for IDR=X starting from date: 2025-05-18
Loaded 3 prices for ticker IDR=X
Loading prices for EURUSD=X starting from date: 2025-05-18
Loaded 3 prices for ticker EURUSD=X
Loading prices for EURIDR=X starting from date: 2025-05-18
Loaded 3 prices for ticker EURIDR=X
Loading prices for MSFT starting from date: 2025-05-18
Loaded 3 prices for ticker MSFT
Loaded overall 23 records
Execution time: 7 seconds

Finished at 2025-05-21 17:00:09
/Users/jurajpanek/Documents/code/portfolio_app
--------------------------------------------------------------------------
Loading of prices started at 2025-05-21 17:30:02 

Loading prices for CSPX.L starting from date: 2025-05-18
Loaded 3 prices for ticker CSPX.L
Loading prices for CNDX.L starting from date: 2025-05-18
Loaded 3 prices for ticker CNDX.L
Loading prices for NVDA starting from date: 2025-05-18
Loaded 3 prices for ticker NVDA
Loading prices for VBTC.DE starting from date: 2025-05-18
Loaded 3 prices for ticker VBTC.DE
Loading prices for IDR=X starting from date: 2025-05-18
Loaded 3 prices for ticker IDR=X
Loading prices for EURUSD=X starting from date: 2025-05-18
Loaded 3 prices for ticker EURUSD=X
Loading prices for EURIDR=X starting from date: 2025-05-18
Loaded 3 prices for ticker EURIDR=X
Loading prices for MSFT starting from date: 2025-05-18
Loaded 3 prices for ticker MSFT
Loaded overall 24 records
Execution time: 8 seconds

Finished at 2025-05-21 17:30:09
/Users/jurajpanek/Documents/code/portfolio_app
--------------------------------------------------------------------------
Loading of prices started at 2025-05-21 18:00:02 

Loading prices for CSPX.L starting from date: 2025-05-18
Loaded 3 prices for ticker CSPX.L
Loading prices for CNDX.L starting from date: 2025-05-18
Loaded 3 prices for ticker CNDX.L
Loading prices for NVDA starting from date: 2025-05-18
Loaded 3 prices for ticker NVDA
Loading prices for VBTC.DE starting from date: 2025-05-18
Loaded 3 prices for ticker VBTC.DE
Loading prices for IDR=X starting from date: 2025-05-18
Loaded 3 prices for ticker IDR=X
Loading prices for EURUSD=X starting from date: 2025-05-18
Loaded 3 prices for ticker EURUSD=X
Loading prices for EURIDR=X starting from date: 2025-05-18
Loaded 3 prices for ticker EURIDR=X
Loading prices for MSFT starting from date: 2025-05-18
Loaded 3 prices for ticker MSFT
Loaded overall 24 records
Execution time: 7 seconds

Finished at 2025-05-21 18:00:09
/Users/jurajpanek/Documents/code/portfolio_app
--------------------------------------------------------------------------
Loading of prices started at 2025-05-21 18:30:03 

Loading prices for CSPX.L starting from date: 2025-05-18
Loaded 3 prices for ticker CSPX.L
Loading prices for CNDX.L starting from date: 2025-05-18
Loaded 3 prices for ticker CNDX.L
Loading prices for NVDA starting from date: 2025-05-18
Loaded 3 prices for ticker NVDA
Loading prices for VBTC.DE starting from date: 2025-05-18
Loaded 3 prices for ticker VBTC.DE
Loading prices for IDR=X starting from date: 2025-05-18
Loaded 3 prices for ticker IDR=X
Loading prices for EURUSD=X starting from date: 2025-05-18
Loaded 3 prices for ticker EURUSD=X
Loading prices for EURIDR=X starting from date: 2025-05-18
Loaded 3 prices for ticker EURIDR=X
Loading prices for MSFT starting from date: 2025-05-18
Loaded 3 prices for ticker MSFT
Loaded overall 24 records
Execution time: 7 seconds

Finished at 2025-05-21 18:30:10
/Users/jurajpanek/Documents/code/portfolio_app
--------------------------------------------------------------------------
Loading of prices started at 2025-05-21 19:00:02 

Loading prices for CSPX.L starting from date: 2025-05-18
Loaded 3 prices for ticker CSPX.L
Loading prices for CNDX.L starting from date: 2025-05-18
Loaded 3 prices for ticker CNDX.L
Loading prices for NVDA starting from date: 2025-05-18
Loaded 3 prices for ticker NVDA
Loading prices for VBTC.DE starting from date: 2025-05-18
Loaded 3 prices for ticker VBTC.DE
Loading prices for IDR=X starting from date: 2025-05-18
Loaded 3 prices for ticker IDR=X
Loading prices for EURUSD=X starting from date: 2025-05-18
Loaded 3 prices for ticker EURUSD=X
Loading prices for EURIDR=X starting from date: 2025-05-18
Loaded 3 prices for ticker EURIDR=X
Loading prices for MSFT starting from date: 2025-05-18
Loaded 3 prices for ticker MSFT
Loaded overall 24 records
Execution time: 8 seconds

Finished at 2025-05-21 19:00:09
/Users/jurajpanek/Documents/code/portfolio_app
--------------------------------------------------------------------------
Loading of prices started at 2025-05-21 19:30:02 

Loading prices for CSPX.L starting from date: 2025-05-18
Loaded 3 prices for ticker CSPX.L
Loading prices for CNDX.L starting from date: 2025-05-18
Loaded 3 prices for ticker CNDX.L
Loading prices for NVDA starting from date: 2025-05-18
Loaded 3 prices for ticker NVDA
Loading prices for VBTC.DE starting from date: 2025-05-18
Loaded 3 prices for ticker VBTC.DE
Loading prices for IDR=X starting from date: 2025-05-18
Loaded 3 prices for ticker IDR=X
Loading prices for EURUSD=X starting from date: 2025-05-18
Loaded 3 prices for ticker EURUSD=X
Loading prices for EURIDR=X starting from date: 2025-05-18
Loaded 3 prices for ticker EURIDR=X
Loading prices for MSFT starting from date: 2025-05-18
Loaded 3 prices for ticker MSFT
Loaded overall 24 records
Execution time: 8 seconds

Finished at 2025-05-21 19:30:10
$CSPX.L: possibly delisted; no price data found  (period=1d)
$CNDX.L: possibly delisted; no price data found  (period=1d)
$VBTC.DE: possibly delisted; no price data found  (period=1d)
--------------------------------------------------------------------------
Loading of prices started at 2025-05-22 09:00:02 

Warning: No price data found for CSPX.L. It might be delisted or market is closed.
Loading prices for CSPX.L starting from date: 2025-05-19
Skipping CSPX.L due to missing price data.
Warning: No price data found for CNDX.L. It might be delisted or market is closed.
Loading prices for CNDX.L starting from date: 2025-05-19
Skipping CNDX.L due to missing price data.
Loading prices for NVDA starting from date: 2025-05-19
Loaded 3 prices for ticker NVDA
Warning: No price data found for VBTC.DE. It might be delisted or market is closed.
Loading prices for VBTC.DE starting from date: 2025-05-19
Skipping VBTC.DE due to missing price data.
Loading prices for IDR=X starting from date: 2025-05-19
Loaded 4 prices for ticker IDR=X
Loading prices for EURUSD=X starting from date: 2025-05-19
Loaded 4 prices for ticker EURUSD=X
Loading prices for EURIDR=X starting from date: 2025-05-19
Loaded 4 prices for ticker EURIDR=X
Loading prices for MSFT starting from date: 2025-05-19
Loaded 3 prices for ticker MSFT
Loaded overall 18 records
Execution time: 6 seconds

Finished at 2025-05-22 09:00:09
--------------------------------------------------------------------------
Loading of prices started at 2025-05-22 09:30:02 

Loading prices for CSPX.L starting from date: 2025-05-19
Loaded 4 prices for ticker CSPX.L
Loading prices for CNDX.L starting from date: 2025-05-19
Loaded 4 prices for ticker CNDX.L
Loading prices for NVDA starting from date: 2025-05-19
Loaded 3 prices for ticker NVDA
Loading prices for VBTC.DE starting from date: 2025-05-19
Loaded 4 prices for ticker VBTC.DE
Loading prices for IDR=X starting from date: 2025-05-19
Loaded 4 prices for ticker IDR=X
Loading prices for EURUSD=X starting from date: 2025-05-19
Loaded 4 prices for ticker EURUSD=X
Loading prices for EURIDR=X starting from date: 2025-05-19
Loaded 4 prices for ticker EURIDR=X
Loading prices for MSFT starting from date: 2025-05-19
Loaded 3 prices for ticker MSFT
Loaded overall 30 records
Execution time: 8 seconds

Finished at 2025-05-22 09:30:10
--------------------------------------------------------------------------
Loading of prices started at 2025-05-22 10:00:02 

Loading prices for CSPX.L starting from date: 2025-05-19
Loaded 4 prices for ticker CSPX.L
Loading prices for CNDX.L starting from date: 2025-05-19
Loaded 4 prices for ticker CNDX.L
Loading prices for NVDA starting from date: 2025-05-19
Loaded 3 prices for ticker NVDA
Loading prices for VBTC.DE starting from date: 2025-05-19
Loaded 4 prices for ticker VBTC.DE
Loading prices for IDR=X starting from date: 2025-05-19
Loaded 4 prices for ticker IDR=X
Loading prices for EURUSD=X starting from date: 2025-05-19
Loaded 4 prices for ticker EURUSD=X
Loading prices for EURIDR=X starting from date: 2025-05-19
Loaded 4 prices for ticker EURIDR=X
Loading prices for MSFT starting from date: 2025-05-19
Loaded 3 prices for ticker MSFT
Loaded overall 30 records
Execution time: 7 seconds

Finished at 2025-05-22 10:00:10
--------------------------------------------------------------------------
Loading of prices started at 2025-05-22 10:30:02 

Loading prices for CSPX.L starting from date: 2025-05-19
Loaded 4 prices for ticker CSPX.L
Loading prices for CNDX.L starting from date: 2025-05-19
Loaded 4 prices for ticker CNDX.L
Loading prices for NVDA starting from date: 2025-05-19
Loaded 3 prices for ticker NVDA
Loading prices for VBTC.DE starting from date: 2025-05-19
Loaded 4 prices for ticker VBTC.DE
Loading prices for IDR=X starting from date: 2025-05-19
Loaded 4 prices for ticker IDR=X
Loading prices for EURUSD=X starting from date: 2025-05-19
Loaded 4 prices for ticker EURUSD=X
Loading prices for EURIDR=X starting from date: 2025-05-19
Loaded 4 prices for ticker EURIDR=X
Loading prices for MSFT starting from date: 2025-05-19
Loaded 3 prices for ticker MSFT
Loaded overall 30 records
Execution time: 7 seconds

Finished at 2025-05-22 10:30:09
--------------------------------------------------------------------------
Loading of prices started at 2025-05-22 11:00:02 

Loading prices for CSPX.L starting from date: 2025-05-19
Loaded 4 prices for ticker CSPX.L
Loading prices for CNDX.L starting from date: 2025-05-19
Loaded 4 prices for ticker CNDX.L
Loading prices for NVDA starting from date: 2025-05-19
Loaded 3 prices for ticker NVDA
Loading prices for VBTC.DE starting from date: 2025-05-19
Loaded 4 prices for ticker VBTC.DE
Loading prices for IDR=X starting from date: 2025-05-19
Loaded 4 prices for ticker IDR=X
Loading prices for EURUSD=X starting from date: 2025-05-19
Loaded 4 prices for ticker EURUSD=X
Loading prices for EURIDR=X starting from date: 2025-05-19
Loaded 4 prices for ticker EURIDR=X
Loading prices for MSFT starting from date: 2025-05-19
Loaded 3 prices for ticker MSFT
Loaded overall 30 records
Execution time: 7 seconds

Finished at 2025-05-22 11:00:09
--------------------------------------------------------------------------
Loading of prices started at 2025-05-22 11:34:12 

Loading prices for CSPX.L starting from date: 2025-05-19
Loaded 4 prices for ticker CSPX.L
Loading prices for CNDX.L starting from date: 2025-05-19
Loaded 4 prices for ticker CNDX.L
Loading prices for NVDA starting from date: 2025-05-19
Loaded 3 prices for ticker NVDA
Loading prices for VBTC.DE starting from date: 2025-05-19
Loaded 4 prices for ticker VBTC.DE
Loading prices for IDR=X starting from date: 2025-05-19
Loaded 4 prices for ticker IDR=X
Loading prices for EURUSD=X starting from date: 2025-05-19
Loaded 4 prices for ticker EURUSD=X
Loading prices for EURIDR=X starting from date: 2025-05-19
Loaded 4 prices for ticker EURIDR=X
Loading prices for MSFT starting from date: 2025-05-19
Loaded 3 prices for ticker MSFT
Loaded overall 30 records
Execution time: 7 seconds

Finished at 2025-05-22 11:34:20
--------------------------------------------------------------------------
Loading of prices started at 2025-05-22 12:00:03 

Loading prices for CSPX.L starting from date: 2025-05-19
Loaded 4 prices for ticker CSPX.L
Loading prices for CNDX.L starting from date: 2025-05-19
Loaded 4 prices for ticker CNDX.L
Loading prices for NVDA starting from date: 2025-05-19
Loaded 3 prices for ticker NVDA
Loading prices for VBTC.DE starting from date: 2025-05-19
Loaded 4 prices for ticker VBTC.DE
Loading prices for IDR=X starting from date: 2025-05-19
Loaded 4 prices for ticker IDR=X
Loading prices for EURUSD=X starting from date: 2025-05-19
Loaded 4 prices for ticker EURUSD=X
Loading prices for EURIDR=X starting from date: 2025-05-19
Loaded 4 prices for ticker EURIDR=X
Loading prices for MSFT starting from date: 2025-05-19
Loaded 3 prices for ticker MSFT
Loaded overall 30 records
Execution time: 9 seconds

Finished at 2025-05-22 12:00:12
--------------------------------------------------------------------------
Loading of prices started at 2025-05-22 12:30:02 

Loading prices for CSPX.L starting from date: 2025-05-19
Loaded 4 prices for ticker CSPX.L
Loading prices for CNDX.L starting from date: 2025-05-19
Loaded 4 prices for ticker CNDX.L
Loading prices for NVDA starting from date: 2025-05-19
Loaded 3 prices for ticker NVDA
Loading prices for VBTC.DE starting from date: 2025-05-19
Loaded 4 prices for ticker VBTC.DE
Loading prices for IDR=X starting from date: 2025-05-19
Loaded 4 prices for ticker IDR=X
Loading prices for EURUSD=X starting from date: 2025-05-19
Loaded 4 prices for ticker EURUSD=X
Loading prices for EURIDR=X starting from date: 2025-05-19
Loaded 4 prices for ticker EURIDR=X
Loading prices for MSFT starting from date: 2025-05-19
Loaded 3 prices for ticker MSFT
Loaded overall 30 records
Execution time: 9 seconds

Finished at 2025-05-22 12:30:11
--------------------------------------------------------------------------
Loading of prices started at 2025-05-22 13:00:02 

Loading prices for CSPX.L starting from date: 2025-05-19
Loaded 4 prices for ticker CSPX.L
Loading prices for CNDX.L starting from date: 2025-05-19
Loaded 4 prices for ticker CNDX.L
Loading prices for NVDA starting from date: 2025-05-19
Loaded 3 prices for ticker NVDA
Loading prices for VBTC.DE starting from date: 2025-05-19
Loaded 4 prices for ticker VBTC.DE
Loading prices for IDR=X starting from date: 2025-05-19
Loaded 4 prices for ticker IDR=X
Loading prices for EURUSD=X starting from date: 2025-05-19
Loaded 4 prices for ticker EURUSD=X
Loading prices for EURIDR=X starting from date: 2025-05-19
Loaded 4 prices for ticker EURIDR=X
Loading prices for MSFT starting from date: 2025-05-19
Loaded 3 prices for ticker MSFT
Loaded overall 30 records
Execution time: 8 seconds

Finished at 2025-05-22 13:00:10
--------------------------------------------------------------------------
Loading of prices started at 2025-05-22 15:00:02 

Loading prices for CSPX.L starting from date: 2025-05-19
Loaded 4 prices for ticker CSPX.L
Loading prices for CNDX.L starting from date: 2025-05-19
Loaded 4 prices for ticker CNDX.L
Loading prices for NVDA starting from date: 2025-05-19
Loaded 3 prices for ticker NVDA
Loading prices for VBTC.DE starting from date: 2025-05-19
Loaded 4 prices for ticker VBTC.DE
Loading prices for IDR=X starting from date: 2025-05-19
Loaded 4 prices for ticker IDR=X
Loading prices for EURUSD=X starting from date: 2025-05-19
Loaded 4 prices for ticker EURUSD=X
Loading prices for EURIDR=X starting from date: 2025-05-19
Loaded 4 prices for ticker EURIDR=X
Loading prices for MSFT starting from date: 2025-05-19
Loaded 3 prices for ticker MSFT
Loaded overall 30 records
Execution time: 8 seconds

Finished at 2025-05-22 15:00:10
--------------------------------------------------------------------------
Loading of prices started at 2025-05-22 16:07:08 

Loading prices for CSPX.L starting from date: 2025-05-19
Loaded 4 prices for ticker CSPX.L
Loading prices for CNDX.L starting from date: 2025-05-19
Loaded 4 prices for ticker CNDX.L
Loading prices for NVDA starting from date: 2025-05-19
Loaded 3 prices for ticker NVDA
Loading prices for VBTC.DE starting from date: 2025-05-19
Loaded 4 prices for ticker VBTC.DE
Loading prices for IDR=X starting from date: 2025-05-19
Loaded 4 prices for ticker IDR=X
Loading prices for EURUSD=X starting from date: 2025-05-19
Loaded 4 prices for ticker EURUSD=X
Loading prices for EURIDR=X starting from date: 2025-05-19
Loaded 4 prices for ticker EURIDR=X
Loading prices for MSFT starting from date: 2025-05-19
Loaded 4 prices for ticker MSFT
Loaded overall 31 records
Execution time: 10 seconds

Finished at 2025-05-22 16:07:19
--------------------------------------------------------------------------
Loading of prices started at 2025-05-22 17:00:02 

Loading prices for CSPX.L starting from date: 2025-05-19
Loaded 4 prices for ticker CSPX.L
Loading prices for CNDX.L starting from date: 2025-05-19
Loaded 4 prices for ticker CNDX.L
Loading prices for NVDA starting from date: 2025-05-19
Loaded 4 prices for ticker NVDA
Loading prices for VBTC.DE starting from date: 2025-05-19
Loaded 4 prices for ticker VBTC.DE
Loading prices for IDR=X starting from date: 2025-05-19
Loaded 4 prices for ticker IDR=X
Loading prices for EURUSD=X starting from date: 2025-05-19
Loaded 4 prices for ticker EURUSD=X
Loading prices for EURIDR=X starting from date: 2025-05-19
Loaded 4 prices for ticker EURIDR=X
Loading prices for MSFT starting from date: 2025-05-19
Loaded 4 prices for ticker MSFT
Loaded overall 32 records
Execution time: 22 seconds

Finished at 2025-05-22 17:00:24
--------------------------------------------------------------------------
Loading of prices started at 2025-05-22 17:30:02 

Loading prices for CSPX.L starting from date: 2025-05-19
Loaded 4 prices for ticker CSPX.L
Loading prices for CNDX.L starting from date: 2025-05-19
Loaded 4 prices for ticker CNDX.L
Loading prices for NVDA starting from date: 2025-05-19
Loaded 4 prices for ticker NVDA
Loading prices for VBTC.DE starting from date: 2025-05-19
Loaded 4 prices for ticker VBTC.DE
Loading prices for IDR=X starting from date: 2025-05-19
Loaded 4 prices for ticker IDR=X
Loading prices for EURUSD=X starting from date: 2025-05-19
Loaded 4 prices for ticker EURUSD=X
Loading prices for EURIDR=X starting from date: 2025-05-19
Loaded 4 prices for ticker EURIDR=X
Loading prices for MSFT starting from date: 2025-05-19
Loaded 4 prices for ticker MSFT
Loaded overall 32 records
Execution time: 10 seconds

Finished at 2025-05-22 17:30:12
--------------------------------------------------------------------------
Loading of prices started at 2025-05-22 18:00:02 

Loading prices for CSPX.L starting from date: 2025-05-19
Loaded 4 prices for ticker CSPX.L
Loading prices for CNDX.L starting from date: 2025-05-19
Loaded 4 prices for ticker CNDX.L
Loading prices for NVDA starting from date: 2025-05-19
Loaded 4 prices for ticker NVDA
Loading prices for VBTC.DE starting from date: 2025-05-19
Loaded 4 prices for ticker VBTC.DE
Loading prices for IDR=X starting from date: 2025-05-19
Loaded 4 prices for ticker IDR=X
Loading prices for EURUSD=X starting from date: 2025-05-19
Loaded 4 prices for ticker EURUSD=X
Loading prices for EURIDR=X starting from date: 2025-05-19
Loaded 4 prices for ticker EURIDR=X
Loading prices for MSFT starting from date: 2025-05-19
Loaded 4 prices for ticker MSFT
Loaded overall 32 records
Execution time: 11 seconds

Finished at 2025-05-22 18:00:13
--------------------------------------------------------------------------
Loading of prices started at 2025-05-22 18:30:02 

Loading prices for CSPX.L starting from date: 2025-05-19
Loaded 4 prices for ticker CSPX.L
Loading prices for CNDX.L starting from date: 2025-05-19
Loaded 4 prices for ticker CNDX.L
Loading prices for NVDA starting from date: 2025-05-19
Loaded 4 prices for ticker NVDA
Loading prices for VBTC.DE starting from date: 2025-05-19
Loaded 4 prices for ticker VBTC.DE
Loading prices for IDR=X starting from date: 2025-05-19
Loaded 4 prices for ticker IDR=X
Loading prices for EURUSD=X starting from date: 2025-05-19
Loaded 4 prices for ticker EURUSD=X
Loading prices for EURIDR=X starting from date: 2025-05-19
Loaded 4 prices for ticker EURIDR=X
Loading prices for MSFT starting from date: 2025-05-19
Loaded 4 prices for ticker MSFT
Loaded overall 32 records
Execution time: 8 seconds

Finished at 2025-05-22 18:30:10
--------------------------------------------------------------------------
Loading of prices started at 2025-05-22 19:00:02 

Loading prices for CSPX.L starting from date: 2025-05-19
Loaded 4 prices for ticker CSPX.L
Loading prices for CNDX.L starting from date: 2025-05-19
Loaded 4 prices for ticker CNDX.L
Loading prices for NVDA starting from date: 2025-05-19
Loaded 4 prices for ticker NVDA
Loading prices for VBTC.DE starting from date: 2025-05-19
Loaded 4 prices for ticker VBTC.DE
Loading prices for IDR=X starting from date: 2025-05-19
Loaded 4 prices for ticker IDR=X
Loading prices for EURUSD=X starting from date: 2025-05-19
Loaded 4 prices for ticker EURUSD=X
Loading prices for EURIDR=X starting from date: 2025-05-19
Loaded 4 prices for ticker EURIDR=X
Loading prices for MSFT starting from date: 2025-05-19
Loaded 4 prices for ticker MSFT
Loaded overall 32 records
Execution time: 9 seconds

Finished at 2025-05-22 19:00:11
--------------------------------------------------------------------------
Loading of prices started at 2025-05-22 19:30:02 

Loading prices for CSPX.L starting from date: 2025-05-19
Loaded 4 prices for ticker CSPX.L
Loading prices for CNDX.L starting from date: 2025-05-19
Loaded 4 prices for ticker CNDX.L
Loading prices for NVDA starting from date: 2025-05-19
Loaded 4 prices for ticker NVDA
Loading prices for VBTC.DE starting from date: 2025-05-19
Loaded 4 prices for ticker VBTC.DE
Loading prices for IDR=X starting from date: 2025-05-19
Loaded 4 prices for ticker IDR=X
Loading prices for EURUSD=X starting from date: 2025-05-19
Loaded 4 prices for ticker EURUSD=X
Loading prices for EURIDR=X starting from date: 2025-05-19
Loaded 4 prices for ticker EURIDR=X
Loading prices for MSFT starting from date: 2025-05-19
Loaded 4 prices for ticker MSFT
Loaded overall 32 records
Execution time: 9 seconds

Finished at 2025-05-22 19:30:11
$CSPX.L: possibly delisted; no price data found  (period=1d)
$CNDX.L: possibly delisted; no price data found  (period=1d)
$VBTC.DE: possibly delisted; no price data found  (period=1d)
--------------------------------------------------------------------------
Loading of prices started at 2025-05-23 09:00:02 

Warning: No price data found for CSPX.L. It might be delisted or market is closed.
Loading prices for CSPX.L starting from date: 2025-05-20
Skipping CSPX.L due to missing price data.
Warning: No price data found for CNDX.L. It might be delisted or market is closed.
Loading prices for CNDX.L starting from date: 2025-05-20
Skipping CNDX.L due to missing price data.
Loading prices for NVDA starting from date: 2025-05-20
Loaded 3 prices for ticker NVDA
Warning: No price data found for VBTC.DE. It might be delisted or market is closed.
Loading prices for VBTC.DE starting from date: 2025-05-20
Skipping VBTC.DE due to missing price data.
Loading prices for IDR=X starting from date: 2025-05-20
Loaded 4 prices for ticker IDR=X
Loading prices for EURUSD=X starting from date: 2025-05-20
Loaded 4 prices for ticker EURUSD=X
Loading prices for EURIDR=X starting from date: 2025-05-20
Loaded 4 prices for ticker EURIDR=X
Loading prices for MSFT starting from date: 2025-05-20
Loaded 3 prices for ticker MSFT
Loaded overall 18 records
Execution time: 7 seconds

Finished at 2025-05-23 09:00:09
--------------------------------------------------------------------------
Loading of prices started at 2025-05-23 12:00:02 

Loading prices for CSPX.L starting from date: 2025-05-20
Loaded 4 prices for ticker CSPX.L
Loading prices for CNDX.L starting from date: 2025-05-20
Loaded 4 prices for ticker CNDX.L
Loading prices for NVDA starting from date: 2025-05-20
Loaded 3 prices for ticker NVDA
Loading prices for VBTC.DE starting from date: 2025-05-20
Loaded 4 prices for ticker VBTC.DE
Loading prices for IDR=X starting from date: 2025-05-20
Loaded 4 prices for ticker IDR=X
Loading prices for EURUSD=X starting from date: 2025-05-20
Loaded 4 prices for ticker EURUSD=X
Loading prices for EURIDR=X starting from date: 2025-05-20
Loaded 4 prices for ticker EURIDR=X
Loading prices for MSFT starting from date: 2025-05-20
Loaded 3 prices for ticker MSFT
Loaded overall 30 records
Execution time: 8 seconds

Finished at 2025-05-23 12:00:10
--------------------------------------------------------------------------
Loading of prices started at 2025-05-23 13:00:51 

Loading prices for CSPX.L starting from date: 2025-05-20
Loaded 4 prices for ticker CSPX.L
Loading prices for CNDX.L starting from date: 2025-05-20
Loaded 4 prices for ticker CNDX.L
Loading prices for NVDA starting from date: 2025-05-20
Loaded 3 prices for ticker NVDA
Loading prices for VBTC.DE starting from date: 2025-05-20
Loaded 4 prices for ticker VBTC.DE
Loading prices for IDR=X starting from date: 2025-05-20
Loaded 4 prices for ticker IDR=X
Loading prices for EURUSD=X starting from date: 2025-05-20
Loaded 4 prices for ticker EURUSD=X
Loading prices for EURIDR=X starting from date: 2025-05-20
Loaded 4 prices for ticker EURIDR=X
Loading prices for MSFT starting from date: 2025-05-20
Loaded 3 prices for ticker MSFT
Loaded overall 30 records
Execution time: 8 seconds

Finished at 2025-05-23 13:00:58
--------------------------------------------------------------------------
Loading of prices started at 2025-05-23 13:30:02 

Loading prices for CSPX.L starting from date: 2025-05-20
Loaded 4 prices for ticker CSPX.L
Loading prices for CNDX.L starting from date: 2025-05-20
Loaded 4 prices for ticker CNDX.L
Loading prices for NVDA starting from date: 2025-05-20
Loaded 3 prices for ticker NVDA
Loading prices for VBTC.DE starting from date: 2025-05-20
Loaded 4 prices for ticker VBTC.DE
Loading prices for IDR=X starting from date: 2025-05-20
Loaded 4 prices for ticker IDR=X
Loading prices for EURUSD=X starting from date: 2025-05-20
Loaded 4 prices for ticker EURUSD=X
Loading prices for EURIDR=X starting from date: 2025-05-20
Loaded 4 prices for ticker EURIDR=X
Loading prices for MSFT starting from date: 2025-05-20
Loaded 3 prices for ticker MSFT
Loaded overall 30 records
Execution time: 8 seconds

Finished at 2025-05-23 13:30:10
--------------------------------------------------------------------------
Loading of prices started at 2025-05-23 14:30:02 

Loading prices for CSPX.L starting from date: 2025-05-20
Loaded 4 prices for ticker CSPX.L
Loading prices for CNDX.L starting from date: 2025-05-20
Loaded 4 prices for ticker CNDX.L
Loading prices for NVDA starting from date: 2025-05-20
Loaded 3 prices for ticker NVDA
Loading prices for VBTC.DE starting from date: 2025-05-20
Loaded 4 prices for ticker VBTC.DE
Loading prices for IDR=X starting from date: 2025-05-20
Loaded 4 prices for ticker IDR=X
Loading prices for EURUSD=X starting from date: 2025-05-20
Loaded 4 prices for ticker EURUSD=X
Loading prices for EURIDR=X starting from date: 2025-05-20
Loaded 4 prices for ticker EURIDR=X
Loading prices for MSFT starting from date: 2025-05-20
Loaded 3 prices for ticker MSFT
Loaded overall 30 records
Execution time: 8 seconds

Finished at 2025-05-23 14:30:11
--------------------------------------------------------------------------
Loading of prices started at 2025-05-23 16:30:02 

Loading prices for CSPX.L starting from date: 2025-05-20
Loaded 4 prices for ticker CSPX.L
Loading prices for CNDX.L starting from date: 2025-05-20
Loaded 4 prices for ticker CNDX.L
Loading prices for NVDA starting from date: 2025-05-20
Loaded 3 prices for ticker NVDA
Loading prices for VBTC.DE starting from date: 2025-05-20
Loaded 4 prices for ticker VBTC.DE
Loading prices for IDR=X starting from date: 2025-05-20
Loaded 4 prices for ticker IDR=X
Loading prices for EURUSD=X starting from date: 2025-05-20
Loaded 4 prices for ticker EURUSD=X
Loading prices for EURIDR=X starting from date: 2025-05-20
Loaded 4 prices for ticker EURIDR=X
Loading prices for MSFT starting from date: 2025-05-20
Loaded 3 prices for ticker MSFT
Loaded overall 30 records
Execution time: 8 seconds

Finished at 2025-05-23 16:30:10
--------------------------------------------------------------------------
Loading of prices started at 2025-05-23 17:00:03 

Loading prices for CSPX.L starting from date: 2025-05-20
Loaded 4 prices for ticker CSPX.L
Loading prices for CNDX.L starting from date: 2025-05-20
Loaded 4 prices for ticker CNDX.L
Loading prices for NVDA starting from date: 2025-05-20
Loaded 4 prices for ticker NVDA
Loading prices for VBTC.DE starting from date: 2025-05-20
Loaded 4 prices for ticker VBTC.DE
Loading prices for IDR=X starting from date: 2025-05-20
Loaded 4 prices for ticker IDR=X
Loading prices for EURUSD=X starting from date: 2025-05-20
Loaded 4 prices for ticker EURUSD=X
Loading prices for EURIDR=X starting from date: 2025-05-20
Loaded 4 prices for ticker EURIDR=X
Loading prices for MSFT starting from date: 2025-05-20
Loaded 4 prices for ticker MSFT
Loaded overall 32 records
Execution time: 9 seconds

Finished at 2025-05-23 17:00:12
--------------------------------------------------------------------------
Loading of prices started at 2025-05-23 17:30:02 

Loading prices for CSPX.L starting from date: 2025-05-20
Loaded 4 prices for ticker CSPX.L
Loading prices for CNDX.L starting from date: 2025-05-20
Loaded 4 prices for ticker CNDX.L
Loading prices for NVDA starting from date: 2025-05-20
Loaded 3 prices for ticker NVDA
Loading prices for VBTC.DE starting from date: 2025-05-20
Loaded 4 prices for ticker VBTC.DE
Loading prices for IDR=X starting from date: 2025-05-20
Loaded 4 prices for ticker IDR=X
Loading prices for EURUSD=X starting from date: 2025-05-20
Loaded 4 prices for ticker EURUSD=X
Loading prices for EURIDR=X starting from date: 2025-05-20
Loaded 4 prices for ticker EURIDR=X
Loading prices for MSFT starting from date: 2025-05-20
Loaded 4 prices for ticker MSFT
Loaded overall 31 records
Execution time: 8 seconds

Finished at 2025-05-23 17:30:10
--------------------------------------------------------------------------
Loading of prices started at 2025-05-23 18:00:02 

Loading prices for CSPX.L starting from date: 2025-05-20
Loaded 4 prices for ticker CSPX.L
Loading prices for CNDX.L starting from date: 2025-05-20
Loaded 4 prices for ticker CNDX.L
Loading prices for NVDA starting from date: 2025-05-20
Loaded 4 prices for ticker NVDA
Loading prices for VBTC.DE starting from date: 2025-05-20
Loaded 4 prices for ticker VBTC.DE
Loading prices for IDR=X starting from date: 2025-05-20
Loaded 4 prices for ticker IDR=X
Loading prices for EURUSD=X starting from date: 2025-05-20
Loaded 4 prices for ticker EURUSD=X
Loading prices for EURIDR=X starting from date: 2025-05-20
Loaded 4 prices for ticker EURIDR=X
Loading prices for MSFT starting from date: 2025-05-20
Loaded 4 prices for ticker MSFT
Loaded overall 32 records
Execution time: 9 seconds

Finished at 2025-05-23 18:00:11
--------------------------------------------------------------------------
Loading of prices started at 2025-05-23 18:30:02 

Loading prices for CSPX.L starting from date: 2025-05-20
Loaded 4 prices for ticker CSPX.L
Loading prices for CNDX.L starting from date: 2025-05-20
Loaded 4 prices for ticker CNDX.L
Loading prices for NVDA starting from date: 2025-05-20
Loaded 4 prices for ticker NVDA
Loading prices for VBTC.DE starting from date: 2025-05-20
Loaded 4 prices for ticker VBTC.DE
Loading prices for IDR=X starting from date: 2025-05-20
Loaded 4 prices for ticker IDR=X
Loading prices for EURUSD=X starting from date: 2025-05-20
Loaded 4 prices for ticker EURUSD=X
Loading prices for EURIDR=X starting from date: 2025-05-20
Loaded 4 prices for ticker EURIDR=X
Loading prices for MSFT starting from date: 2025-05-20
Loaded 4 prices for ticker MSFT
Loaded overall 32 records
Execution time: 8 seconds

Finished at 2025-05-23 18:30:10
--------------------------------------------------------------------------
Loading of prices started at 2025-05-25 08:52:46 

Loading prices for CSPX.L starting from date: 2025-05-22
Loaded 2 prices for ticker CSPX.L
Loading prices for CNDX.L starting from date: 2025-05-22
Loaded 2 prices for ticker CNDX.L
Loading prices for NVDA starting from date: 2025-05-22
Loaded 2 prices for ticker NVDA
Loading prices for VBTC.DE starting from date: 2025-05-22
Loaded 2 prices for ticker VBTC.DE
Loading prices for IDR=X starting from date: 2025-05-22
Loaded 3 prices for ticker IDR=X
Loading prices for EURUSD=X starting from date: 2025-05-22
Loaded 2 prices for ticker EURUSD=X
Loading prices for EURIDR=X starting from date: 2025-05-22
Loaded 2 prices for ticker EURIDR=X
Loading prices for MSFT starting from date: 2025-05-22
Loaded 2 prices for ticker MSFT
Loaded overall 17 records
Execution time: 7 seconds

Finished at 2025-05-25 08:52:52
$VBTC.DE: possibly delisted; no price data found  (period=1d)
--------------------------------------------------------------------------
Loading of prices started at 2025-05-26 09:00:02 

Loading prices for CSPX.L starting from date: 2025-05-23
Loaded 1 prices for ticker CSPX.L
Loading prices for CNDX.L starting from date: 2025-05-23
Loaded 1 prices for ticker CNDX.L
Loading prices for NVDA starting from date: 2025-05-23
Loaded 1 prices for ticker NVDA
Warning: No price data found for VBTC.DE. It might be delisted or market is closed.
Loading prices for VBTC.DE starting from date: 2025-05-23
Skipping VBTC.DE due to missing price data.
Loading prices for IDR=X starting from date: 2025-05-23
Loaded 2 prices for ticker IDR=X
Loading prices for EURUSD=X starting from date: 2025-05-23
Loaded 2 prices for ticker EURUSD=X
Loading prices for EURIDR=X starting from date: 2025-05-23
Loaded 2 prices for ticker EURIDR=X
Loading prices for MSFT starting from date: 2025-05-23
Loaded 1 prices for ticker MSFT
Loaded overall 10 records
Execution time: 7 seconds

Finished at 2025-05-26 09:00:09
--------------------------------------------------------------------------
Loading of prices started at 2025-05-26 10:00:02 

Loading prices for CSPX.L starting from date: 2025-05-23
Loaded 2 prices for ticker CSPX.L
Loading prices for CNDX.L starting from date: 2025-05-23
Loaded 2 prices for ticker CNDX.L
Loading prices for NVDA starting from date: 2025-05-23
Loaded 1 prices for ticker NVDA
Loading prices for VBTC.DE starting from date: 2025-05-23
Loaded 2 prices for ticker VBTC.DE
Loading prices for IDR=X starting from date: 2025-05-23
Loaded 2 prices for ticker IDR=X
Loading prices for EURUSD=X starting from date: 2025-05-23
Loaded 2 prices for ticker EURUSD=X
Loading prices for EURIDR=X starting from date: 2025-05-23
Loaded 2 prices for ticker EURIDR=X
Loading prices for MSFT starting from date: 2025-05-23
Loaded 1 prices for ticker MSFT
Loaded overall 14 records
Execution time: 7 seconds

Finished at 2025-05-26 10:00:09
--------------------------------------------------------------------------
Loading of prices started at 2025-05-26 10:30:02 

Loading prices for CSPX.L starting from date: 2025-05-23
Loaded 2 prices for ticker CSPX.L
Loading prices for CNDX.L starting from date: 2025-05-23
Loaded 2 prices for ticker CNDX.L
Loading prices for NVDA starting from date: 2025-05-23
Loaded 1 prices for ticker NVDA
Loading prices for VBTC.DE starting from date: 2025-05-23
Loaded 2 prices for ticker VBTC.DE
Loading prices for IDR=X starting from date: 2025-05-23
Loaded 2 prices for ticker IDR=X
Loading prices for EURUSD=X starting from date: 2025-05-23
Loaded 2 prices for ticker EURUSD=X
Loading prices for EURIDR=X starting from date: 2025-05-23
Loaded 2 prices for ticker EURIDR=X
Loading prices for MSFT starting from date: 2025-05-23
Loaded 1 prices for ticker MSFT
Loaded overall 14 records
Execution time: 7 seconds

Finished at 2025-05-26 10:30:09
--------------------------------------------------------------------------
Loading of prices started at 2025-05-26 11:00:02 

Loading prices for CSPX.L starting from date: 2025-05-23
Loaded 2 prices for ticker CSPX.L
Loading prices for CNDX.L starting from date: 2025-05-23
Loaded 2 prices for ticker CNDX.L
Loading prices for NVDA starting from date: 2025-05-23
Loaded 1 prices for ticker NVDA
Loading prices for VBTC.DE starting from date: 2025-05-23
Loaded 2 prices for ticker VBTC.DE
Loading prices for IDR=X starting from date: 2025-05-23
Loaded 2 prices for ticker IDR=X
Loading prices for EURUSD=X starting from date: 2025-05-23
Loaded 2 prices for ticker EURUSD=X
Loading prices for EURIDR=X starting from date: 2025-05-23
Loaded 2 prices for ticker EURIDR=X
Loading prices for MSFT starting from date: 2025-05-23
Loaded 1 prices for ticker MSFT
Loaded overall 14 records
Execution time: 7 seconds

Finished at 2025-05-26 11:00:09
--------------------------------------------------------------------------
Loading of prices started at 2025-05-26 11:30:02 

Loading prices for CSPX.L starting from date: 2025-05-23
Loaded 2 prices for ticker CSPX.L
Loading prices for CNDX.L starting from date: 2025-05-23
Loaded 2 prices for ticker CNDX.L
Loading prices for NVDA starting from date: 2025-05-23
Loaded 1 prices for ticker NVDA
Loading prices for VBTC.DE starting from date: 2025-05-23
Loaded 2 prices for ticker VBTC.DE
Loading prices for IDR=X starting from date: 2025-05-23
Loaded 2 prices for ticker IDR=X
Loading prices for EURUSD=X starting from date: 2025-05-23
Loaded 2 prices for ticker EURUSD=X
Loading prices for EURIDR=X starting from date: 2025-05-23
Loaded 2 prices for ticker EURIDR=X
Loading prices for MSFT starting from date: 2025-05-23
Loaded 1 prices for ticker MSFT
Loaded overall 14 records
Execution time: 7 seconds

Finished at 2025-05-26 11:30:09
--------------------------------------------------------------------------
Loading of prices started at 2025-05-26 12:00:02 

Loading prices for CSPX.L starting from date: 2025-05-23
Loaded 2 prices for ticker CSPX.L
Loading prices for CNDX.L starting from date: 2025-05-23
Loaded 2 prices for ticker CNDX.L
Loading prices for NVDA starting from date: 2025-05-23
Loaded 1 prices for ticker NVDA
Loading prices for VBTC.DE starting from date: 2025-05-23
Loaded 2 prices for ticker VBTC.DE
Loading prices for IDR=X starting from date: 2025-05-23
Loaded 2 prices for ticker IDR=X
Loading prices for EURUSD=X starting from date: 2025-05-23
Loaded 2 prices for ticker EURUSD=X
Loading prices for EURIDR=X starting from date: 2025-05-23
Loaded 2 prices for ticker EURIDR=X
Loading prices for MSFT starting from date: 2025-05-23
Loaded 1 prices for ticker MSFT
Loaded overall 14 records
Execution time: 7 seconds

Finished at 2025-05-26 12:00:08
--------------------------------------------------------------------------
Loading of prices started at 2025-05-26 12:30:02 

Loading prices for CSPX.L starting from date: 2025-05-23
Loaded 2 prices for ticker CSPX.L
Loading prices for CNDX.L starting from date: 2025-05-23
Loaded 2 prices for ticker CNDX.L
Loading prices for NVDA starting from date: 2025-05-23
Loaded 1 prices for ticker NVDA
Loading prices for VBTC.DE starting from date: 2025-05-23
Loaded 2 prices for ticker VBTC.DE
Loading prices for IDR=X starting from date: 2025-05-23
Loaded 2 prices for ticker IDR=X
Loading prices for EURUSD=X starting from date: 2025-05-23
Loaded 2 prices for ticker EURUSD=X
Loading prices for EURIDR=X starting from date: 2025-05-23
Loaded 2 prices for ticker EURIDR=X
Loading prices for MSFT starting from date: 2025-05-23
Loaded 1 prices for ticker MSFT
Loaded overall 14 records
Execution time: 7 seconds

Finished at 2025-05-26 12:30:10
--------------------------------------------------------------------------
Loading of prices started at 2025-05-26 13:00:02 

Loading prices for CSPX.L starting from date: 2025-05-23
Loaded 2 prices for ticker CSPX.L
Loading prices for CNDX.L starting from date: 2025-05-23
Loaded 2 prices for ticker CNDX.L
Loading prices for NVDA starting from date: 2025-05-23
Loaded 1 prices for ticker NVDA
Loading prices for VBTC.DE starting from date: 2025-05-23
Loaded 2 prices for ticker VBTC.DE
Loading prices for IDR=X starting from date: 2025-05-23
Loaded 2 prices for ticker IDR=X
Loading prices for EURUSD=X starting from date: 2025-05-23
Loaded 2 prices for ticker EURUSD=X
Loading prices for EURIDR=X starting from date: 2025-05-23
Loaded 2 prices for ticker EURIDR=X
Loading prices for MSFT starting from date: 2025-05-23
Loaded 1 prices for ticker MSFT
Loaded overall 14 records
Execution time: 7 seconds

Finished at 2025-05-26 13:00:10
--------------------------------------------------------------------------
Loading of prices started at 2025-05-26 13:30:02 

Loading prices for CSPX.L starting from date: 2025-05-23
Loaded 2 prices for ticker CSPX.L
Loading prices for CNDX.L starting from date: 2025-05-23
Loaded 2 prices for ticker CNDX.L
Loading prices for NVDA starting from date: 2025-05-23
Loaded 1 prices for ticker NVDA
Loading prices for VBTC.DE starting from date: 2025-05-23
Loaded 2 prices for ticker VBTC.DE
Loading prices for IDR=X starting from date: 2025-05-23
Loaded 2 prices for ticker IDR=X
Loading prices for EURUSD=X starting from date: 2025-05-23
Loaded 2 prices for ticker EURUSD=X
Loading prices for EURIDR=X starting from date: 2025-05-23
Loaded 2 prices for ticker EURIDR=X
Loading prices for MSFT starting from date: 2025-05-23
Loaded 1 prices for ticker MSFT
Loaded overall 14 records
Execution time: 13 seconds

Finished at 2025-05-26 13:30:14
--------------------------------------------------------------------------
Loading of prices started at 2025-05-26 14:00:02 

Loading prices for CSPX.L starting from date: 2025-05-23
Loaded 2 prices for ticker CSPX.L
Loading prices for CNDX.L starting from date: 2025-05-23
Loaded 2 prices for ticker CNDX.L
Loading prices for NVDA starting from date: 2025-05-23
Loaded 1 prices for ticker NVDA
Loading prices for VBTC.DE starting from date: 2025-05-23
Loaded 2 prices for ticker VBTC.DE
Loading prices for IDR=X starting from date: 2025-05-23
Loaded 2 prices for ticker IDR=X
Loading prices for EURUSD=X starting from date: 2025-05-23
Loaded 2 prices for ticker EURUSD=X
Loading prices for EURIDR=X starting from date: 2025-05-23
Loaded 2 prices for ticker EURIDR=X
Loading prices for MSFT starting from date: 2025-05-23
Loaded 1 prices for ticker MSFT
Loaded overall 14 records
Execution time: 7 seconds

Finished at 2025-05-26 14:00:09
--------------------------------------------------------------------------
Loading of prices started at 2025-05-26 17:00:02 

Loading prices for CSPX.L starting from date: 2025-05-23
Loaded 2 prices for ticker CSPX.L
Loading prices for CNDX.L starting from date: 2025-05-23
Loaded 2 prices for ticker CNDX.L
Loading prices for NVDA starting from date: 2025-05-23
Loaded 1 prices for ticker NVDA
Loading prices for VBTC.DE starting from date: 2025-05-23
Loaded 2 prices for ticker VBTC.DE
Loading prices for IDR=X starting from date: 2025-05-23
Loaded 2 prices for ticker IDR=X
Loading prices for EURUSD=X starting from date: 2025-05-23
Loaded 2 prices for ticker EURUSD=X
Loading prices for EURIDR=X starting from date: 2025-05-23
Loaded 2 prices for ticker EURIDR=X
Loading prices for MSFT starting from date: 2025-05-23
Loaded 1 prices for ticker MSFT
Loaded overall 14 records
Execution time: 7 seconds

Finished at 2025-05-26 17:00:09
--------------------------------------------------------------------------
Loading of prices started at 2025-05-26 17:30:03 

Loading prices for CSPX.L starting from date: 2025-05-23
Loaded 2 prices for ticker CSPX.L
Loading prices for CNDX.L starting from date: 2025-05-23
Loaded 2 prices for ticker CNDX.L
Loading prices for NVDA starting from date: 2025-05-23
Loaded 1 prices for ticker NVDA
Loading prices for VBTC.DE starting from date: 2025-05-23
Loaded 2 prices for ticker VBTC.DE
Loading prices for IDR=X starting from date: 2025-05-23
Loaded 2 prices for ticker IDR=X
Loading prices for EURUSD=X starting from date: 2025-05-23
Loaded 2 prices for ticker EURUSD=X
Loading prices for EURIDR=X starting from date: 2025-05-23
Loaded 2 prices for ticker EURIDR=X
Loading prices for MSFT starting from date: 2025-05-23
Loaded 1 prices for ticker MSFT
Loaded overall 14 records
Execution time: 7 seconds

Finished at 2025-05-26 17:30:10
--------------------------------------------------------------------------
Loading of prices started at 2025-05-26 18:00:02 

Loading prices for CSPX.L starting from date: 2025-05-23
Loaded 2 prices for ticker CSPX.L
Loading prices for CNDX.L starting from date: 2025-05-23
Loaded 2 prices for ticker CNDX.L
Loading prices for NVDA starting from date: 2025-05-23
Loaded 1 prices for ticker NVDA
Loading prices for VBTC.DE starting from date: 2025-05-23
Loaded 2 prices for ticker VBTC.DE
Loading prices for IDR=X starting from date: 2025-05-23
Loaded 2 prices for ticker IDR=X
Loading prices for EURUSD=X starting from date: 2025-05-23
Loaded 2 prices for ticker EURUSD=X
Loading prices for EURIDR=X starting from date: 2025-05-23
Loaded 2 prices for ticker EURIDR=X
Loading prices for MSFT starting from date: 2025-05-23
Loaded 1 prices for ticker MSFT
Loaded overall 14 records
Execution time: 7 seconds

Finished at 2025-05-26 18:00:09
--------------------------------------------------------------------------
Loading of prices started at 2025-05-26 19:34:24 

Loading prices for CSPX.L starting from date: 2025-05-23
Loaded 2 prices for ticker CSPX.L
Loading prices for CNDX.L starting from date: 2025-05-23
Loaded 2 prices for ticker CNDX.L
Loading prices for NVDA starting from date: 2025-05-23
Loaded 1 prices for ticker NVDA
Loading prices for VBTC.DE starting from date: 2025-05-23
Loaded 2 prices for ticker VBTC.DE
Loading prices for IDR=X starting from date: 2025-05-23
Loaded 2 prices for ticker IDR=X
Loading prices for EURUSD=X starting from date: 2025-05-23
Loaded 2 prices for ticker EURUSD=X
Loading prices for EURIDR=X starting from date: 2025-05-23
Loaded 2 prices for ticker EURIDR=X
Loading prices for MSFT starting from date: 2025-05-23
Loaded 1 prices for ticker MSFT
Loaded overall 14 records
Execution time: 7 seconds

Finished at 2025-05-26 19:34:30
--------------------------------------------------------------------------
Loading of prices started at 2025-05-27 09:30:02 

Loading prices for CSPX.L starting from date: 2025-05-24
Loaded 1 prices for ticker CSPX.L
Loading prices for CNDX.L starting from date: 2025-05-24
Loaded 1 prices for ticker CNDX.L
Loading prices for NVDA starting from date: 2025-05-24
Loaded 1 prices for ticker NVDA
Loading prices for VBTC.DE starting from date: 2025-05-24
Loaded 2 prices for ticker VBTC.DE
Loading prices for IDR=X starting from date: 2025-05-24
Loaded 2 prices for ticker IDR=X
Loading prices for EURUSD=X starting from date: 2025-05-24
Loaded 2 prices for ticker EURUSD=X
Loading prices for EURIDR=X starting from date: 2025-05-24
Loaded 2 prices for ticker EURIDR=X
Loading prices for MSFT starting from date: 2025-05-24
Loaded 1 prices for ticker MSFT
Loaded overall 12 records
Execution time: 7 seconds

Finished at 2025-05-27 09:30:09
--------------------------------------------------------------------------
Loading of prices started at 2025-05-27 10:30:02 

Loading prices for CSPX.L starting from date: 2025-05-24
Loaded 1 prices for ticker CSPX.L
Loading prices for CNDX.L starting from date: 2025-05-24
Loaded 1 prices for ticker CNDX.L
Loading prices for NVDA starting from date: 2025-05-24
Loaded 1 prices for ticker NVDA
Loading prices for VBTC.DE starting from date: 2025-05-24
Loaded 2 prices for ticker VBTC.DE
Loading prices for IDR=X starting from date: 2025-05-24
Loaded 2 prices for ticker IDR=X
Loading prices for EURUSD=X starting from date: 2025-05-24
Loaded 2 prices for ticker EURUSD=X
Loading prices for EURIDR=X starting from date: 2025-05-24
Loaded 2 prices for ticker EURIDR=X
Loading prices for MSFT starting from date: 2025-05-24
Loaded 1 prices for ticker MSFT
Loaded overall 12 records
Execution time: 7 seconds

Finished at 2025-05-27 10:30:09
--------------------------------------------------------------------------
Loading of prices started at 2025-05-27 11:00:02 

Loading prices for CSPX.L starting from date: 2025-05-24
Loaded 1 prices for ticker CSPX.L
Loading prices for CNDX.L starting from date: 2025-05-24
Loaded 1 prices for ticker CNDX.L
Loading prices for NVDA starting from date: 2025-05-24
Loaded 1 prices for ticker NVDA
Loading prices for VBTC.DE starting from date: 2025-05-24
Loaded 2 prices for ticker VBTC.DE
Loading prices for IDR=X starting from date: 2025-05-24
Loaded 2 prices for ticker IDR=X
Loading prices for EURUSD=X starting from date: 2025-05-24
Loaded 2 prices for ticker EURUSD=X
Loading prices for EURIDR=X starting from date: 2025-05-24
Loaded 2 prices for ticker EURIDR=X
Loading prices for MSFT starting from date: 2025-05-24
Loaded 1 prices for ticker MSFT
Loaded overall 12 records
Execution time: 7 seconds

Finished at 2025-05-27 11:00:09
--------------------------------------------------------------------------
Loading of prices started at 2025-05-27 11:30:02 

Loading prices for CSPX.L starting from date: 2025-05-24
Loaded 1 prices for ticker CSPX.L
Loading prices for CNDX.L starting from date: 2025-05-24
Loaded 1 prices for ticker CNDX.L
Loading prices for NVDA starting from date: 2025-05-24
Loaded 1 prices for ticker NVDA
Loading prices for VBTC.DE starting from date: 2025-05-24
Loaded 2 prices for ticker VBTC.DE
Loading prices for IDR=X starting from date: 2025-05-24
Loaded 2 prices for ticker IDR=X
Loading prices for EURUSD=X starting from date: 2025-05-24
Loaded 2 prices for ticker EURUSD=X
Loading prices for EURIDR=X starting from date: 2025-05-24
Loaded 2 prices for ticker EURIDR=X
Loading prices for MSFT starting from date: 2025-05-24
Loaded 1 prices for ticker MSFT
Loaded overall 12 records
Execution time: 7 seconds

Finished at 2025-05-27 11:30:10
--------------------------------------------------------------------------
Loading of prices started at 2025-05-27 12:00:02 

Loading prices for CSPX.L starting from date: 2025-05-24
Loaded 1 prices for ticker CSPX.L
Loading prices for CNDX.L starting from date: 2025-05-24
Loaded 1 prices for ticker CNDX.L
Loading prices for NVDA starting from date: 2025-05-24
Loaded 1 prices for ticker NVDA
Loading prices for VBTC.DE starting from date: 2025-05-24
Loaded 2 prices for ticker VBTC.DE
Loading prices for IDR=X starting from date: 2025-05-24
Loaded 2 prices for ticker IDR=X
Loading prices for EURUSD=X starting from date: 2025-05-24
Loaded 2 prices for ticker EURUSD=X
Loading prices for EURIDR=X starting from date: 2025-05-24
Loaded 2 prices for ticker EURIDR=X
Loading prices for MSFT starting from date: 2025-05-24
Loaded 1 prices for ticker MSFT
Loaded overall 12 records
Execution time: 7 seconds

Finished at 2025-05-27 12:00:10
--------------------------------------------------------------------------
Loading of prices started at 2025-05-27 14:00:26 

Loading prices for CSPX.L starting from date: 2025-05-24
Loaded 1 prices for ticker CSPX.L
Loading prices for CNDX.L starting from date: 2025-05-24
Loaded 1 prices for ticker CNDX.L
Loading prices for NVDA starting from date: 2025-05-24
Loaded 1 prices for ticker NVDA
Loading prices for VBTC.DE starting from date: 2025-05-24
Loaded 2 prices for ticker VBTC.DE
Loading prices for IDR=X starting from date: 2025-05-24
Loaded 2 prices for ticker IDR=X
Loading prices for EURUSD=X starting from date: 2025-05-24
Loaded 2 prices for ticker EURUSD=X
Loading prices for EURIDR=X starting from date: 2025-05-24
Loaded 2 prices for ticker EURIDR=X
Loading prices for MSFT starting from date: 2025-05-24
Loaded 1 prices for ticker MSFT
Loaded overall 12 records
Execution time: 7 seconds

Finished at 2025-05-27 14:00:33
--------------------------------------------------------------------------
Loading of prices started at 2025-05-27 15:00:03 

Loading prices for CSPX.L starting from date: 2025-05-24
Loaded 1 prices for ticker CSPX.L
Loading prices for CNDX.L starting from date: 2025-05-24
Loaded 1 prices for ticker CNDX.L
Loading prices for NVDA starting from date: 2025-05-24
Loaded 1 prices for ticker NVDA
Loading prices for VBTC.DE starting from date: 2025-05-24
Loaded 2 prices for ticker VBTC.DE
Loading prices for IDR=X starting from date: 2025-05-24
Loaded 2 prices for ticker IDR=X
Loading prices for EURUSD=X starting from date: 2025-05-24
Loaded 2 prices for ticker EURUSD=X
Loading prices for EURIDR=X starting from date: 2025-05-24
Loaded 2 prices for ticker EURIDR=X
Loading prices for MSFT starting from date: 2025-05-24
Loaded 1 prices for ticker MSFT
Loaded overall 12 records
Execution time: 7 seconds

Finished at 2025-05-27 15:00:10
--------------------------------------------------------------------------
Loading of prices started at 2025-05-27 15:30:11 

Loading prices for CSPX.L starting from date: 2025-05-24
Loaded 1 prices for ticker CSPX.L
Loading prices for CNDX.L starting from date: 2025-05-24
Loaded 1 prices for ticker CNDX.L
Loading prices for NVDA starting from date: 2025-05-24
Loaded 1 prices for ticker NVDA
Loading prices for VBTC.DE starting from date: 2025-05-24
Loaded 2 prices for ticker VBTC.DE
Loading prices for IDR=X starting from date: 2025-05-24
Loaded 2 prices for ticker IDR=X
Loading prices for EURUSD=X starting from date: 2025-05-24
Loaded 2 prices for ticker EURUSD=X
Loading prices for EURIDR=X starting from date: 2025-05-24
Loaded 2 prices for ticker EURIDR=X
Loading prices for MSFT starting from date: 2025-05-24
Loaded 1 prices for ticker MSFT
Loaded overall 12 records
Execution time: 11 seconds

Finished at 2025-05-27 15:30:22
--------------------------------------------------------------------------
Loading of prices started at 2025-05-27 16:00:02 

Loading prices for CSPX.L starting from date: 2025-05-24
Loaded 1 prices for ticker CSPX.L
Loading prices for CNDX.L starting from date: 2025-05-24
Loaded 1 prices for ticker CNDX.L
Loading prices for NVDA starting from date: 2025-05-24
Loaded 1 prices for ticker NVDA
Loading prices for VBTC.DE starting from date: 2025-05-24
Loaded 2 prices for ticker VBTC.DE
Loading prices for IDR=X starting from date: 2025-05-24
Loaded 2 prices for ticker IDR=X
Loading prices for EURUSD=X starting from date: 2025-05-24
Loaded 2 prices for ticker EURUSD=X
Loading prices for EURIDR=X starting from date: 2025-05-24
Loaded 2 prices for ticker EURIDR=X
Loading prices for MSFT starting from date: 2025-05-24
Loaded 1 prices for ticker MSFT
Loaded overall 12 records
Execution time: 8 seconds

Finished at 2025-05-27 16:00:10
--------------------------------------------------------------------------
Loading of prices started at 2025-05-27 16:30:02 

Loading prices for CSPX.L starting from date: 2025-05-24
Loaded 1 prices for ticker CSPX.L
Loading prices for CNDX.L starting from date: 2025-05-24
Loaded 1 prices for ticker CNDX.L
Loading prices for NVDA starting from date: 2025-05-24
Loaded 1 prices for ticker NVDA
Loading prices for VBTC.DE starting from date: 2025-05-24
Loaded 2 prices for ticker VBTC.DE
Loading prices for IDR=X starting from date: 2025-05-24
Loaded 2 prices for ticker IDR=X
Loading prices for EURUSD=X starting from date: 2025-05-24
Loaded 2 prices for ticker EURUSD=X
Loading prices for EURIDR=X starting from date: 2025-05-24
Loaded 2 prices for ticker EURIDR=X
Loading prices for MSFT starting from date: 2025-05-24
Loaded 1 prices for ticker MSFT
Loaded overall 12 records
Execution time: 7 seconds

Finished at 2025-05-27 16:30:09
--------------------------------------------------------------------------
Loading of prices started at 2025-05-27 17:00:02 

Loading prices for CSPX.L starting from date: 2025-05-24
Loaded 1 prices for ticker CSPX.L
Loading prices for CNDX.L starting from date: 2025-05-24
Loaded 1 prices for ticker CNDX.L
Loading prices for NVDA starting from date: 2025-05-24
No historical prices found for NVDA. Skipping...
Loading prices for VBTC.DE starting from date: 2025-05-24
Loaded 2 prices for ticker VBTC.DE
Loading prices for IDR=X starting from date: 2025-05-24
Loaded 2 prices for ticker IDR=X
Loading prices for EURUSD=X starting from date: 2025-05-24
Loaded 2 prices for ticker EURUSD=X
Loading prices for EURIDR=X starting from date: 2025-05-24
Loaded 2 prices for ticker EURIDR=X
Loading prices for MSFT starting from date: 2025-05-24
Loaded 1 prices for ticker MSFT
Loaded overall 11 records
Execution time: 10 seconds

Finished at 2025-05-27 17:00:11
--------------------------------------------------------------------------
Loading of prices started at 2025-05-27 17:30:02 

Loading prices for CSPX.L starting from date: 2025-05-24
Loaded 1 prices for ticker CSPX.L
Loading prices for CNDX.L starting from date: 2025-05-24
Loaded 1 prices for ticker CNDX.L
Loading prices for NVDA starting from date: 2025-05-24
Loaded 1 prices for ticker NVDA
Loading prices for VBTC.DE starting from date: 2025-05-24
Loaded 2 prices for ticker VBTC.DE
Loading prices for IDR=X starting from date: 2025-05-24
Loaded 2 prices for ticker IDR=X
Loading prices for EURUSD=X starting from date: 2025-05-24
Loaded 2 prices for ticker EURUSD=X
Loading prices for EURIDR=X starting from date: 2025-05-24
Loaded 2 prices for ticker EURIDR=X
Loading prices for MSFT starting from date: 2025-05-24
Loaded 1 prices for ticker MSFT
Loaded overall 12 records
Execution time: 7 seconds

Finished at 2025-05-27 17:30:09
--------------------------------------------------------------------------
Loading of prices started at 2025-05-28 15:00:22 

Loading prices for CSPX.L starting from date: 2025-05-25
Loaded 2 prices for ticker CSPX.L
Loading prices for CNDX.L starting from date: 2025-05-25
Loaded 2 prices for ticker CNDX.L
Loading prices for NVDA starting from date: 2025-05-25
Loaded 1 prices for ticker NVDA
Loading prices for VBTC.DE starting from date: 2025-05-25
Loaded 3 prices for ticker VBTC.DE
Loading prices for IDR=X starting from date: 2025-05-25
Loaded 3 prices for ticker IDR=X
Loading prices for EURUSD=X starting from date: 2025-05-25
Loaded 3 prices for ticker EURUSD=X
Loading prices for EURIDR=X starting from date: 2025-05-25
Loaded 3 prices for ticker EURIDR=X
Loading prices for MSFT starting from date: 2025-05-25
Loaded 1 prices for ticker MSFT
Loaded overall 18 records
Execution time: 9 seconds

Finished at 2025-05-28 15:00:31
$NVDA: possibly delisted; no price data found  (period=1d)
--------------------------------------------------------------------------
Loading of prices started at 2025-05-28 15:30:02 

Loading prices for CSPX.L starting from date: 2025-05-25
Loaded 2 prices for ticker CSPX.L
Loading prices for CNDX.L starting from date: 2025-05-25
Loaded 2 prices for ticker CNDX.L
Warning: No price data found for NVDA. It might be delisted or market is closed.
Loading prices for NVDA starting from date: 2025-05-25
Skipping NVDA due to missing price data.
Loading prices for VBTC.DE starting from date: 2025-05-25
Loaded 3 prices for ticker VBTC.DE
Loading prices for IDR=X starting from date: 2025-05-25
Loaded 3 prices for ticker IDR=X
Loading prices for EURUSD=X starting from date: 2025-05-25
Loaded 3 prices for ticker EURUSD=X
Loading prices for EURIDR=X starting from date: 2025-05-25
Loaded 3 prices for ticker EURIDR=X
Loading prices for MSFT starting from date: 2025-05-25
Loaded 2 prices for ticker MSFT
Loaded overall 18 records
Execution time: 15 seconds

Finished at 2025-05-28 15:30:18
--------------------------------------------------------------------------
Loading of prices started at 2025-05-28 16:30:03 

Loading prices for CSPX.L starting from date: 2025-05-25
Loaded 2 prices for ticker CSPX.L
Loading prices for CNDX.L starting from date: 2025-05-25
Loaded 2 prices for ticker CNDX.L
Loading prices for NVDA starting from date: 2025-05-25
Loaded 1 prices for ticker NVDA
Loading prices for VBTC.DE starting from date: 2025-05-25
Loaded 3 prices for ticker VBTC.DE
Loading prices for IDR=X starting from date: 2025-05-25
Loaded 3 prices for ticker IDR=X
Loading prices for EURUSD=X starting from date: 2025-05-25
Loaded 3 prices for ticker EURUSD=X
Loading prices for EURIDR=X starting from date: 2025-05-25
Loaded 3 prices for ticker EURIDR=X
Loading prices for MSFT starting from date: 2025-05-25
Loaded 1 prices for ticker MSFT
Loaded overall 18 records
Execution time: 8 seconds

Finished at 2025-05-28 16:30:10
--------------------------------------------------------------------------
Loading of prices started at 2025-05-28 17:00:02 

Loading prices for CSPX.L starting from date: 2025-05-25
Loaded 2 prices for ticker CSPX.L
Loading prices for CNDX.L starting from date: 2025-05-25
Loaded 2 prices for ticker CNDX.L
Loading prices for NVDA starting from date: 2025-05-25
Loaded 2 prices for ticker NVDA
Loading prices for VBTC.DE starting from date: 2025-05-25
Loaded 3 prices for ticker VBTC.DE
Loading prices for IDR=X starting from date: 2025-05-25
Loaded 3 prices for ticker IDR=X
Loading prices for EURUSD=X starting from date: 2025-05-25
Loaded 3 prices for ticker EURUSD=X
Loading prices for EURIDR=X starting from date: 2025-05-25
Loaded 3 prices for ticker EURIDR=X
Loading prices for MSFT starting from date: 2025-05-25
Loaded 2 prices for ticker MSFT
Loaded overall 20 records
Execution time: 8 seconds

Finished at 2025-05-28 17:00:10
--------------------------------------------------------------------------
Loading of prices started at 2025-05-28 19:30:02 

Loading prices for CSPX.L starting from date: 2025-05-25
Loaded 2 prices for ticker CSPX.L
Loading prices for CNDX.L starting from date: 2025-05-25
Loaded 2 prices for ticker CNDX.L
Loading prices for NVDA starting from date: 2025-05-25
Loaded 2 prices for ticker NVDA
Loading prices for VBTC.DE starting from date: 2025-05-25
Loaded 3 prices for ticker VBTC.DE
Loading prices for IDR=X starting from date: 2025-05-25
Loaded 3 prices for ticker IDR=X
Loading prices for EURUSD=X starting from date: 2025-05-25
Loaded 3 prices for ticker EURUSD=X
Loading prices for EURIDR=X starting from date: 2025-05-25
Loaded 3 prices for ticker EURIDR=X
Loading prices for MSFT starting from date: 2025-05-25
Loaded 2 prices for ticker MSFT
Loaded overall 20 records
Execution time: 8 seconds

Finished at 2025-05-28 19:30:10
$CSPX.L: possibly delisted; no price data found  (period=1d)
$CNDX.L: possibly delisted; no price data found  (period=1d)
$VBTC.DE: possibly delisted; no price data found  (period=1d)
--------------------------------------------------------------------------
Loading of prices started at 2025-05-29 09:04:16 

Warning: No price data found for CSPX.L. It might be delisted or market is closed.
Loading prices for CSPX.L starting from date: 2025-05-26
Skipping CSPX.L due to missing price data.
Warning: No price data found for CNDX.L. It might be delisted or market is closed.
Loading prices for CNDX.L starting from date: 2025-05-26
Skipping CNDX.L due to missing price data.
Loading prices for NVDA starting from date: 2025-05-26
Loaded 2 prices for ticker NVDA
Warning: No price data found for VBTC.DE. It might be delisted or market is closed.
Loading prices for VBTC.DE starting from date: 2025-05-26
Skipping VBTC.DE due to missing price data.
Loading prices for IDR=X starting from date: 2025-05-26
Loaded 4 prices for ticker IDR=X
Loading prices for EURUSD=X starting from date: 2025-05-26
Loaded 4 prices for ticker EURUSD=X
Loading prices for EURIDR=X starting from date: 2025-05-26
Loaded 4 prices for ticker EURIDR=X
Loading prices for MSFT starting from date: 2025-05-26
Loaded 2 prices for ticker MSFT
Loaded overall 16 records
Execution time: 7 seconds

Finished at 2025-05-29 09:04:24
--------------------------------------------------------------------------
Loading of prices started at 2025-05-29 09:30:02 

Loading prices for CSPX.L starting from date: 2025-05-26
Loaded 3 prices for ticker CSPX.L
Loading prices for CNDX.L starting from date: 2025-05-26
Loaded 3 prices for ticker CNDX.L
Loading prices for NVDA starting from date: 2025-05-26
Loaded 2 prices for ticker NVDA
Loading prices for VBTC.DE starting from date: 2025-05-26
Loaded 4 prices for ticker VBTC.DE
Loading prices for IDR=X starting from date: 2025-05-26
Loaded 4 prices for ticker IDR=X
Loading prices for EURUSD=X starting from date: 2025-05-26
Loaded 4 prices for ticker EURUSD=X
Loading prices for EURIDR=X starting from date: 2025-05-26
Loaded 4 prices for ticker EURIDR=X
Loading prices for MSFT starting from date: 2025-05-26
Loaded 2 prices for ticker MSFT
Loaded overall 26 records
Execution time: 15 seconds

Finished at 2025-05-29 09:30:17
--------------------------------------------------------------------------
Loading of prices started at 2025-05-29 10:00:02 

Loading prices for CSPX.L starting from date: 2025-05-26
Loaded 3 prices for ticker CSPX.L
Loading prices for CNDX.L starting from date: 2025-05-26
Loaded 3 prices for ticker CNDX.L
Loading prices for NVDA starting from date: 2025-05-26
Loaded 2 prices for ticker NVDA
Loading prices for VBTC.DE starting from date: 2025-05-26
Loaded 4 prices for ticker VBTC.DE
Loading prices for IDR=X starting from date: 2025-05-26
Loaded 4 prices for ticker IDR=X
Loading prices for EURUSD=X starting from date: 2025-05-26
Loaded 4 prices for ticker EURUSD=X
Loading prices for EURIDR=X starting from date: 2025-05-26
Loaded 4 prices for ticker EURIDR=X
Loading prices for MSFT starting from date: 2025-05-26
Loaded 2 prices for ticker MSFT
Loaded overall 26 records
Execution time: 18 seconds

Finished at 2025-05-29 10:00:19
--------------------------------------------------------------------------
Loading of prices started at 2025-05-29 10:30:02 

Loading prices for CSPX.L starting from date: 2025-05-26
Loaded 3 prices for ticker CSPX.L
Loading prices for CNDX.L starting from date: 2025-05-26
Loaded 3 prices for ticker CNDX.L
Loading prices for NVDA starting from date: 2025-05-26
Loaded 2 prices for ticker NVDA
Loading prices for VBTC.DE starting from date: 2025-05-26
Loaded 4 prices for ticker VBTC.DE
Loading prices for IDR=X starting from date: 2025-05-26
Loaded 4 prices for ticker IDR=X
Loading prices for EURUSD=X starting from date: 2025-05-26
Loaded 4 prices for ticker EURUSD=X
Loading prices for EURIDR=X starting from date: 2025-05-26
Loaded 4 prices for ticker EURIDR=X
Loading prices for MSFT starting from date: 2025-05-26
Loaded 2 prices for ticker MSFT
Loaded overall 26 records
Execution time: 14 seconds

Finished at 2025-05-29 10:30:16
--------------------------------------------------------------------------
Loading of prices started at 2025-05-29 11:00:02 

Loading prices for CSPX.L starting from date: 2025-05-26
Loaded 3 prices for ticker CSPX.L
Loading prices for CNDX.L starting from date: 2025-05-26
Loaded 3 prices for ticker CNDX.L
Loading prices for NVDA starting from date: 2025-05-26
Loaded 2 prices for ticker NVDA
Loading prices for VBTC.DE starting from date: 2025-05-26
Loaded 4 prices for ticker VBTC.DE
Loading prices for IDR=X starting from date: 2025-05-26
Loaded 4 prices for ticker IDR=X
Loading prices for EURUSD=X starting from date: 2025-05-26
Loaded 4 prices for ticker EURUSD=X
Loading prices for EURIDR=X starting from date: 2025-05-26
Loaded 4 prices for ticker EURIDR=X
Loading prices for MSFT starting from date: 2025-05-26
Loaded 2 prices for ticker MSFT
Loaded overall 26 records
Execution time: 15 seconds

Finished at 2025-05-29 11:00:17
--------------------------------------------------------------------------
Loading of prices started at 2025-05-29 11:30:02 

Loading prices for CSPX.L starting from date: 2025-05-26
Loaded 3 prices for ticker CSPX.L
Loading prices for CNDX.L starting from date: 2025-05-26
Loaded 3 prices for ticker CNDX.L
Loading prices for NVDA starting from date: 2025-05-26
Loaded 2 prices for ticker NVDA
Loading prices for VBTC.DE starting from date: 2025-05-26
Loaded 4 prices for ticker VBTC.DE
Loading prices for IDR=X starting from date: 2025-05-26
Loaded 4 prices for ticker IDR=X
Loading prices for EURUSD=X starting from date: 2025-05-26
Loaded 4 prices for ticker EURUSD=X
Loading prices for EURIDR=X starting from date: 2025-05-26
Loaded 4 prices for ticker EURIDR=X
Loading prices for MSFT starting from date: 2025-05-26
Loaded 2 prices for ticker MSFT
Loaded overall 26 records
Execution time: 14 seconds

Finished at 2025-05-29 11:30:16
